  main.cpp
E:\项目\GitHub项目仓管\c-cpp-practice\template\container.h(62,12): warning C4244: “参数”: 从“time_t”转换到“unsigned int”，可能丢失数据
E:\项目\GitHub项目仓管\c-cpp-practice\template\container.h(61): message : 在编译 类 模板 成员函数“Container<int>::Container(int)”时
E:\项目\GitHub项目仓管\c-cpp-practice\template\main.cpp(8): message : 查看对正在编译的函数 模板 实例化“Container<int>::Container(int)”的引用
E:\项目\GitHub项目仓管\c-cpp-practice\template\main.cpp(8): message : 查看对正在编译的 类 模板 实例化“Container<int>”的引用
E:\项目\GitHub项目仓管\c-cpp-practice\template\container.h(64,10): warning C4244: “初始化”: 从“double”转换到“T”，可能丢失数据
          with
          [
              T=int
          ]
E:\项目\GitHub项目仓管\c-cpp-practice\template\container.h(85,20): warning C4018: “<”: 有符号/无符号不匹配
E:\项目\GitHub项目仓管\c-cpp-practice\template\container.h(80): message : 在编译 类 模板 成员函数“T Container<T>::getMin(void)”时
          with
          [
              T=int
          ]
E:\项目\GitHub项目仓管\c-cpp-practice\template\main.cpp(11): message : 查看对正在编译的函数 模板 实例化“T Container<T>::getMin(void)”的引用
          with
          [
              T=int
          ]
E:\项目\GitHub项目仓管\c-cpp-practice\template\container.h(97,20): warning C4018: “<”: 有符号/无符号不匹配
E:\项目\GitHub项目仓管\c-cpp-practice\template\container.h(92): message : 在编译 类 模板 成员函数“T Container<T>::getMax(void)”时
          with
          [
              T=int
          ]
E:\项目\GitHub项目仓管\c-cpp-practice\template\main.cpp(12): message : 查看对正在编译的函数 模板 实例化“T Container<T>::getMax(void)”的引用
          with
          [
              T=int
          ]
E:\项目\GitHub项目仓管\c-cpp-practice\template\container.h(110,20): warning C4018: “<”: 有符号/无符号不匹配
E:\项目\GitHub项目仓管\c-cpp-practice\template\container.h(105): message : 在编译 类 模板 成员函数“T Container<T>::getSum(void)”时
          with
          [
              T=int
          ]
E:\项目\GitHub项目仓管\c-cpp-practice\template\main.cpp(14): message : 查看对正在编译的函数 模板 实例化“T Container<T>::getSum(void)”的引用
          with
          [
              T=int
          ]
E:\项目\GitHub项目仓管\c-cpp-practice\template\container.h(137,20): warning C4018: “<”: 有符号/无符号不匹配
E:\项目\GitHub项目仓管\c-cpp-practice\template\container.h(132): message : 在编译 类 模板 成员函数“double Container<int>::getAverage(void)”时
E:\项目\GitHub项目仓管\c-cpp-practice\template\main.cpp(15): message : 查看对正在编译的函数 模板 实例化“double Container<int>::getAverage(void)”的引用
  template.vcxproj -> E:\项目\GitHub项目仓管\c-cpp-practice\template\Debug\template.exe
